{"uid":"502744b7734535e0","name":"passengers ticket selection Test","fullName":"tests.mainpage_test.TestClass#test_05_passengers","historyId":"5655f94eab575e8bfa6b3699677cfa54","time":{"start":1755762248068,"stop":1755762251108,"duration":3040},"description":"Test to number of passengers","descriptionHtml":"<p>Test to number of passengers</p>\n","status":"failed","statusMessage":"AssertionError: assert 'Error' in '3 Passengers'","statusTrace":"self = <tests.mainpage_test.TestClass object at 0x7f4c5b9e8830>\n\n    @allure.severity(Severity.CRITICAL)\n    @allure.story(\"passengers ticket selection\")\n    @allure.description(\"Test to number of passengers\")\n    @allure.title(\"passengers ticket selection Test\")\n    def test_05_passengers(self):\n        with allure.step(\"Accept cookies\"):\n            self.main_page.cookie_accept()\n        with allure.step(\"Select 4 adults, 2 children, 1 infant, 1 senior, 1 youth\"):\n            self.main_page.choose_passenger(4, 2, 1, 1, 1)\n        with allure.step(\"Select 2 adults, 1 child, 0 infant, 0 senior, 0 youth\"):\n            result = self.main_page.choose_passenger(2, 1, 0, 0, 0)\n>           assert result in \"3 Passengers\"\nE           AssertionError: assert 'Error' in '3 Passengers'\n\ntests/mainpage_test.py:94: AssertionError","flaky":false,"newFailed":false,"newBroken":false,"newPassed":false,"retriesCount":0,"retriesStatusChange":false,"beforeStages":[{"name":"_session_faker","time":{"start":1755762204649,"stop":1755762204710,"duration":61},"status":"passed","steps":[],"attachments":[],"parameters":[],"stepsCount":0,"shouldDisplayMessage":false,"attachmentsCount":0,"hasContent":false,"attachmentStep":false},{"name":"setup_driver_class","time":{"start":1755762233102,"stop":1755762233450,"duration":348},"status":"passed","steps":[],"attachments":[],"parameters":[],"stepsCount":0,"shouldDisplayMessage":false,"attachmentsCount":0,"hasContent":false,"attachmentStep":false},{"name":"attach_driver_to_node","time":{"start":1755762248068,"stop":1755762248068,"duration":0},"status":"passed","steps":[],"attachments":[],"parameters":[],"stepsCount":0,"shouldDisplayMessage":false,"attachmentsCount":0,"hasContent":false,"attachmentStep":false}],"testStage":{"description":"Test to number of passengers","status":"failed","statusMessage":"AssertionError: assert 'Error' in '3 Passengers'","statusTrace":"self = <tests.mainpage_test.TestClass object at 0x7f4c5b9e8830>\n\n    @allure.severity(Severity.CRITICAL)\n    @allure.story(\"passengers ticket selection\")\n    @allure.description(\"Test to number of passengers\")\n    @allure.title(\"passengers ticket selection Test\")\n    def test_05_passengers(self):\n        with allure.step(\"Accept cookies\"):\n            self.main_page.cookie_accept()\n        with allure.step(\"Select 4 adults, 2 children, 1 infant, 1 senior, 1 youth\"):\n            self.main_page.choose_passenger(4, 2, 1, 1, 1)\n        with allure.step(\"Select 2 adults, 1 child, 0 infant, 0 senior, 0 youth\"):\n            result = self.main_page.choose_passenger(2, 1, 0, 0, 0)\n>           assert result in \"3 Passengers\"\nE           AssertionError: assert 'Error' in '3 Passengers'\n\ntests/mainpage_test.py:94: AssertionError","steps":[{"name":"Accept cookies","time":{"start":1755762248069,"stop":1755762249080,"duration":1011},"status":"passed","steps":[],"attachments":[],"parameters":[],"stepsCount":0,"shouldDisplayMessage":false,"attachmentsCount":0,"hasContent":false,"attachmentStep":false},{"name":"Select 4 adults, 2 children, 1 infant, 1 senior, 1 youth","time":{"start":1755762249081,"stop":1755762250095,"duration":1014},"status":"passed","steps":[{"name":"Choose passenger: Adults=4, Children=2, Infants=1, Cabin=1, Checked=1","time":{"start":1755762249081,"stop":1755762250095,"duration":1014},"status":"passed","steps":[],"attachments":[],"parameters":[{"name":"adults","value":"4"},{"name":"children","value":"2"},{"name":"infants","value":"1"},{"name":"cabin","value":"1"},{"name":"checked","value":"1"}],"stepsCount":0,"shouldDisplayMessage":false,"attachmentsCount":0,"hasContent":true,"attachmentStep":false}],"attachments":[],"parameters":[],"stepsCount":1,"shouldDisplayMessage":false,"attachmentsCount":0,"hasContent":true,"attachmentStep":false},{"name":"Select 2 adults, 1 child, 0 infant, 0 senior, 0 youth","time":{"start":1755762250095,"stop":1755762251107,"duration":1012},"status":"failed","statusMessage":"AssertionError: assert 'Error' in '3 Passengers'\n","statusTrace":"  File \"/home/runner/work/shichor-python/shichor-python/tests/mainpage_test.py\", line 94, in test_05_passengers\n    assert result in \"3 Passengers\"\n","steps":[{"name":"Choose passenger: Adults=2, Children=1, Infants=0, Cabin=0, Checked=0","time":{"start":1755762250095,"stop":1755762251107,"duration":1012},"status":"passed","steps":[],"attachments":[],"parameters":[{"name":"adults","value":"2"},{"name":"children","value":"1"},{"name":"infants","value":"0"},{"name":"cabin","value":"0"},{"name":"checked","value":"0"}],"stepsCount":0,"shouldDisplayMessage":false,"attachmentsCount":0,"hasContent":true,"attachmentStep":false}],"attachments":[],"parameters":[],"stepsCount":1,"shouldDisplayMessage":true,"attachmentsCount":0,"hasContent":true,"attachmentStep":false}],"attachments":[{"uid":"3f9f8a22a167ad71","name":"screenshot","source":"3f9f8a22a167ad71.png","type":"image/png","size":75809},{"uid":"91246c0d3aa25bec","name":"stdout","source":"91246c0d3aa25bec.txt","type":"text/plain","size":2806}],"parameters":[],"stepsCount":5,"shouldDisplayMessage":true,"attachmentsCount":2,"hasContent":true,"attachmentStep":false},"afterStages":[{"name":"setup_driver_class::0","time":{"start":1755762278900,"stop":1755762278966,"duration":66},"status":"passed","steps":[],"attachments":[],"parameters":[],"stepsCount":0,"shouldDisplayMessage":false,"attachmentsCount":0,"hasContent":false,"attachmentStep":false}],"labels":[{"name":"feature","value":"Main Page functionality"},{"name":"epic","value":"Main Page Tests"},{"name":"severity","value":"critical"},{"name":"story","value":"passengers ticket selection"},{"name":"parentSuite","value":"tests"},{"name":"suite","value":"mainpage_test"},{"name":"subSuite","value":"TestClass"},{"name":"host","value":"pkrvmqc4gcfdwos"},{"name":"thread","value":"2498-MainThread"},{"name":"framework","value":"pytest"},{"name":"language","value":"cpython3"},{"name":"package","value":"tests.mainpage_test"},{"name":"resultFormat","value":"allure2"}],"parameters":[],"links":[],"hidden":false,"retry":false,"extra":{"severity":"critical","retries":[],"categories":[{"name":"Product defects","matchedStatuses":[],"flaky":false}],"tags":[]},"source":"502744b7734535e0.json","parameterValues":[]}